<?xml version="1.0" encoding="UTF-8" standalone="yes"?>
<testsuites name="jest tests" tests="2" failures="1" errors="0" time="7.836" skipped="0">
  <testsuite name="[@grpc-regression] getRateLimit With Helper" errors="0" failures="1" skipped="0" timestamp="2025-04-24T11:28:33" time="7.403" tests="2">
    <testcase classname="[@grpc-regression] getRateLimit With Helper [@soft-assertion] Soft Assertion - Expected Passed" name="[@grpc-regression] getRateLimit With Helper [@soft-assertion] Soft Assertion - Expected Passed" time="0.047"/>
    <testcase classname="[@grpc-regression] getRateLimit With Helper [@soft-assertion] Soft Assertion - Expected Failed" name="[@grpc-regression] getRateLimit With Helper [@soft-assertion] Soft Assertion - Expected Failed" time="0.013">
      <failure>Error: Test failed with soft assertion:
1. Check response statuses length: expect(received).toBeGreaterThan(expected)

Expected: &gt; 100
Received:   1
2. Check overall_code: expect(received).toBe(expected) // Object.is equality

Expected: "not OK"
Received: "OK"
    at SoftAssert.assertAll (/data/repo/package/common/validation/softAssert.ts:46:19)
    at /data/repo/package/api/testScripts/grpc/examples/rateLimit/getRateLimitWithHelper.test.ts:81:12
    at processTicksAndRejections (node:internal/process/task_queues:95:5)</failure>
    </testcase>
  </testsuite>
</testsuites>
